<component name="libraryTable">
  <library name="junit:junit:4.13.2" type="repository">
    <properties include-transitive-deps="false" maven-id="junit:junit:4.13.2" />
    <CLASSES />
    <JAVADOC />
    <SOURCES />
  </library>
</component>